<?xml version="1.0" encoding="UTF-8"?>
<!-- Generated by org.testng.reporters.JUnitXMLReporter -->
<testsuite ignored="0" hostname="DESKTOP-O9GDULK" failures="0" tests="2" name="Surefire test" time="3.154" errors="0" timestamp="2022-12-30T17:16:34 EST">
  <testcase classname="MyTest.HomePageTest" name="@BeforeTest setup" time="3.085">
    <failure type="java.lang.NullPointerException" message="null value in entry: url=null">
      <![CDATA[java.lang.NullPointerException: null value in entry: url=null
at com.google.common.collect.CollectPreconditions.checkEntryNotNull(CollectPreconditions.java:33)
at com.google.common.collect.SingletonImmutableBiMap.<init>(SingletonImmutableBiMap.java:43)
at com.google.common.collect.ImmutableBiMap.of(ImmutableBiMap.java:81)
at com.google.common.collect.ImmutableMap.of(ImmutableMap.java:128)
at org.openqa.selenium.remote.DriverCommand.GET(DriverCommand.java:191)
at org.openqa.selenium.remote.RemoteWebDriver.get(RemoteWebDriver.java:310)
at factory.driverFactory.initDriver(driverFactory.java:35)
at MyTest.HomePageTest.setup(HomePageTest.java:30)
... Removed 29 stack frames]]>
    </failure>
  </testcase> <!-- @BeforeTest setup -->
  <testcase classname="MyTest.HomePageTest" name="@AfterTest tearDown" time="0.0">
    <skipped/>
  </testcase> <!-- @AfterTest tearDown -->
  <testcase classname="MyTest.HomePageTest" name="contactTest" time="0.0">
    <skipped/>
  </testcase> <!-- contactTest -->
  <testcase classname="MyTest.HomePageTest" name="headerTest" time="0.0">
    <skipped/>
  </testcase> <!-- headerTest -->
</testsuite> <!-- Surefire test -->
