-------------------------------------------------------------------------------
Test set: MyTest.HomePageTest
-------------------------------------------------------------------------------
Tests run: 4, Failures: 1, Errors: 0, Skipped: 3, Time elapsed: 3.989 s <<< FAILURE! - in MyTest.HomePageTest
setup(MyTest.HomePageTest)  Time elapsed: 3.729 s  <<< FAILURE!
java.lang.NullPointerException: null value in entry: url=null
	at MyTest.HomePageTest.setup(HomePageTest.java:30)

