<?xml version="1.0" encoding="UTF-8"?>
<testng-results ignored="0" total="2" passed="2" failed="0" skipped="0">
  <reporter-output>
  </reporter-output>
  <suite started-at="2022-12-30T17:09:24 EST" name="Default suite" finished-at="2022-12-30T17:09:34 EST" duration-ms="10531">
    <groups>
    </groups>
    <test started-at="2022-12-30T17:09:24 EST" name="Default test" finished-at="2022-12-30T17:09:34 EST" duration-ms="10531">
      <class name="MyTest.HomePageTest">
        <test-method is-config="true" signature="setup()[pri:0, instance:MyTest.HomePageTest@7db12bb6]" started-at="2022-12-30T17:09:24 EST" name="setup" finished-at="2022-12-30T17:09:34 EST" duration-ms="9837" status="PASS">
          <reporter-output>
          </reporter-output>
        </test-method> <!-- setup -->
        <test-method signature="contactTest()[pri:0, instance:MyTest.HomePageTest@7db12bb6]" started-at="2022-12-30T17:09:34 EST" name="contactTest" finished-at="2022-12-30T17:09:34 EST" duration-ms="128" status="PASS">
          <reporter-output>
          </reporter-output>
        </test-method> <!-- contactTest -->
        <test-method signature="headerTest()[pri:0, instance:MyTest.HomePageTest@7db12bb6]" started-at="2022-12-30T17:09:34 EST" name="headerTest" finished-at="2022-12-30T17:09:34 EST" duration-ms="91" status="PASS">
          <reporter-output>
          </reporter-output>
        </test-method> <!-- headerTest -->
        <test-method is-config="true" signature="tearDown()[pri:0, instance:MyTest.HomePageTest@7db12bb6]" started-at="2022-12-30T17:09:34 EST" name="tearDown" finished-at="2022-12-30T17:09:34 EST" duration-ms="356" status="PASS">
          <reporter-output>
          </reporter-output>
        </test-method> <!-- tearDown -->
      </class> <!-- MyTest.HomePageTest -->
    </test> <!-- Default test -->
  </suite> <!-- Default suite -->
</testng-results>
